{"/Users/omarcontreras/PycharmProjects/chronovista/frontend/src/hooks/usePlaylists.ts": {"path":"/Users/omarcontreras/PycharmProjects/chronovista/frontend/src/hooks/usePlaylists.ts","statementMap":{"0":{"start":{"line":18,"column":22},"end":{"line":18,"column":null}},"1":{"start":{"line":23,"column":31},"end":{"line":23,"column":null}},"2":{"start":{"line":33,"column":17},"end":{"line":36,"column":null}},"3":{"start":{"line":39,"column":2},"end":{"line":43,"column":null}},"4":{"start":{"line":40,"column":4},"end":{"line":40,"column":null}},"5":{"start":{"line":41,"column":2},"end":{"line":43,"column":null}},"6":{"start":{"line":42,"column":4},"end":{"line":42,"column":null}},"7":{"start":{"line":46,"column":2},"end":{"line":46,"column":null}},"8":{"start":{"line":104,"column":68},"end":{"line":104,"column":null}},"9":{"start":{"line":106,"column":8},"end":{"line":106,"column":null}},"10":{"start":{"line":117,"column":2},"end":{"line":132,"column":null}},"11":{"start":{"line":120,"column":6},"end":{"line":120,"column":null}},"12":{"start":{"line":124,"column":6},"end":{"line":126,"column":null}},"13":{"start":{"line":125,"column":8},"end":{"line":125,"column":null}},"14":{"start":{"line":127,"column":6},"end":{"line":127,"column":null}},"15":{"start":{"line":135,"column":20},"end":{"line":135,"column":null}},"16":{"start":{"line":135,"column":50},"end":{"line":135,"column":59}},"17":{"start":{"line":138,"column":19},"end":{"line":138,"column":null}},"18":{"start":{"line":139,"column":16},"end":{"line":139,"column":null}},"19":{"start":{"line":140,"column":22},"end":{"line":140,"column":null}},"20":{"start":{"line":143,"column":8},"end":{"line":147,"column":null}},"21":{"start":{"line":144,"column":4},"end":{"line":146,"column":null}},"22":{"start":{"line":145,"column":6},"end":{"line":145,"column":null}},"23":{"start":{"line":150,"column":2},"end":{"line":172,"column":null}},"24":{"start":{"line":151,"column":20},"end":{"line":151,"column":null}},"25":{"start":{"line":152,"column":4},"end":{"line":152,"column":null}},"26":{"start":{"line":152,"column":18},"end":{"line":152,"column":null}},"27":{"start":{"line":154,"column":21},"end":{"line":165,"column":null}},"28":{"start":{"line":156,"column":22},"end":{"line":156,"column":null}},"29":{"start":{"line":157,"column":8},"end":{"line":159,"column":null}},"30":{"start":{"line":158,"column":10},"end":{"line":158,"column":null}},"31":{"start":{"line":167,"column":4},"end":{"line":167,"column":null}},"32":{"start":{"line":169,"column":4},"end":{"line":171,"column":null}},"33":{"start":{"line":170,"column":6},"end":{"line":170,"column":null}},"34":{"start":{"line":175,"column":8},"end":{"line":177,"column":null}},"35":{"start":{"line":176,"column":4},"end":{"line":176,"column":null}},"36":{"start":{"line":179,"column":2},"end":{"line":191,"column":null}},"37":{"start":{"line":188,"column":25},"end":{"line":188,"column":null}}},"fnMap":{"0":{"name":"fetchPlaylists","decl":{"start":{"line":28,"column":15},"end":{"line":28,"column":null}},"loc":{"start":{"line":32,"column":33},"end":{"line":47,"column":null}},"line":32},"1":{"name":"usePlaylists","decl":{"start":{"line":101,"column":16},"end":{"line":101,"column":null}},"loc":{"start":{"line":103,"column":22},"end":{"line":192,"column":null}},"line":103},"2":{"name":"(anonymous_2)","decl":{"start":{"line":119,"column":13},"end":{"line":119,"column":20}},"loc":{"start":{"line":119,"column":38},"end":{"line":121,"column":null}},"line":119},"3":{"name":"(anonymous_3)","decl":{"start":{"line":123,"column":22},"end":{"line":123,"column":23}},"loc":{"start":{"line":123,"column":36},"end":{"line":128,"column":null}},"line":123},"4":{"name":"(anonymous_4)","decl":{"start":{"line":135,"column":40},"end":{"line":135,"column":41}},"loc":{"start":{"line":135,"column":50},"end":{"line":135,"column":59}},"line":135},"5":{"name":"(anonymous_5)","decl":{"start":{"line":143,"column":38},"end":{"line":143,"column":44}},"loc":{"start":{"line":143,"column":44},"end":{"line":147,"column":5}},"line":143},"6":{"name":"(anonymous_6)","decl":{"start":{"line":150,"column":12},"end":{"line":150,"column":18}},"loc":{"start":{"line":150,"column":18},"end":{"line":172,"column":5}},"line":150},"7":{"name":"(anonymous_7)","decl":{"start":{"line":155,"column":6},"end":{"line":155,"column":7}},"loc":{"start":{"line":155,"column":19},"end":{"line":160,"column":null}},"line":155},"8":{"name":"(anonymous_8)","decl":{"start":{"line":169,"column":11},"end":{"line":169,"column":17}},"loc":{"start":{"line":169,"column":17},"end":{"line":171,"column":null}},"line":169},"9":{"name":"(anonymous_9)","decl":{"start":{"line":175,"column":28},"end":{"line":175,"column":34}},"loc":{"start":{"line":175,"column":34},"end":{"line":177,"column":5}},"line":175},"10":{"name":"(anonymous_10)","decl":{"start":{"line":188,"column":19},"end":{"line":188,"column":25}},"loc":{"start":{"line":188,"column":25},"end":{"line":188,"column":null}},"line":188}},"branchMap":{"0":{"loc":{"start":{"line":39,"column":2},"end":{"line":43,"column":null}},"type":"if","locations":[{"start":{"line":39,"column":2},"end":{"line":43,"column":null}},{"start":{"line":41,"column":2},"end":{"line":43,"column":null}}],"line":39},"1":{"loc":{"start":{"line":41,"column":2},"end":{"line":43,"column":null}},"type":"if","locations":[{"start":{"line":41,"column":2},"end":{"line":43,"column":null}},{"start":{},"end":{}}],"line":41},"2":{"loc":{"start":{"line":102,"column":2},"end":{"line":102,"column":null}},"type":"default-arg","locations":[{"start":{"line":102,"column":33},"end":{"line":102,"column":null}}],"line":102},"3":{"loc":{"start":{"line":104,"column":10},"end":{"line":104,"column":26}},"type":"default-arg","locations":[{"start":{"line":104,"column":19},"end":{"line":104,"column":26}}],"line":104},"4":{"loc":{"start":{"line":104,"column":26},"end":{"line":104,"column":49}},"type":"default-arg","locations":[{"start":{"line":104,"column":34},"end":{"line":104,"column":49}}],"line":104},"5":{"loc":{"start":{"line":104,"column":49},"end":{"line":104,"column":64}},"type":"default-arg","locations":[{"start":{"line":104,"column":59},"end":{"line":104,"column":64}}],"line":104},"6":{"loc":{"start":{"line":124,"column":6},"end":{"line":126,"column":null}},"type":"if","locations":[{"start":{"line":124,"column":6},"end":{"line":126,"column":null}},{"start":{},"end":{}}],"line":124},"7":{"loc":{"start":{"line":135,"column":20},"end":{"line":135,"column":null}},"type":"binary-expr","locations":[{"start":{"line":135,"column":20},"end":{"line":135,"column":64}},{"start":{"line":135,"column":64},"end":{"line":135,"column":null}}],"line":135},"8":{"loc":{"start":{"line":139,"column":16},"end":{"line":139,"column":null}},"type":"binary-expr","locations":[{"start":{"line":139,"column":16},"end":{"line":139,"column":47}},{"start":{"line":139,"column":47},"end":{"line":139,"column":null}}],"line":139},"9":{"loc":{"start":{"line":144,"column":4},"end":{"line":146,"column":null}},"type":"if","locations":[{"start":{"line":144,"column":4},"end":{"line":146,"column":null}},{"start":{},"end":{}}],"line":144},"10":{"loc":{"start":{"line":144,"column":8},"end":{"line":144,"column":44}},"type":"binary-expr","locations":[{"start":{"line":144,"column":8},"end":{"line":144,"column":23}},{"start":{"line":144,"column":23},"end":{"line":144,"column":44}}],"line":144},"11":{"loc":{"start":{"line":152,"column":4},"end":{"line":152,"column":null}},"type":"if","locations":[{"start":{"line":152,"column":4},"end":{"line":152,"column":null}},{"start":{},"end":{}}],"line":152},"12":{"loc":{"start":{"line":157,"column":8},"end":{"line":159,"column":null}},"type":"if","locations":[{"start":{"line":157,"column":8},"end":{"line":159,"column":null}},{"start":{},"end":{}}],"line":157},"13":{"loc":{"start":{"line":186,"column":17},"end":{"line":186,"column":null}},"type":"binary-expr","locations":[{"start":{"line":186,"column":17},"end":{"line":186,"column":32}},{"start":{"line":186,"column":32},"end":{"line":186,"column":null}}],"line":186}},"s":{"0":1,"1":1,"2":32,"3":32,"4":5,"5":27,"6":2,"7":32,"8":48,"9":48,"10":48,"11":32,"12":83,"13":54,"14":29,"15":48,"16":24,"17":48,"18":48,"19":48,"20":48,"21":0,"22":0,"23":48,"24":36,"25":36,"26":36,"27":0,"28":0,"29":0,"30":0,"31":0,"32":0,"33":0,"34":48,"35":1,"36":48,"37":5},"f":{"0":32,"1":48,"2":32,"3":83,"4":24,"5":0,"6":36,"7":0,"8":0,"9":1,"10":5},"b":{"0":[5,27],"1":[2,25],"2":[48],"3":[48],"4":[48],"5":[48],"6":[54,29],"7":[48,29],"8":[48,29],"9":[0,0],"10":[0,0],"11":[36,0],"12":[0,0],"13":[48,0]},"meta":{"lastBranch":14,"lastFunction":11,"lastStatement":38,"seen":{"s:18:22:18:Infinity":0,"s:23:31:23:Infinity":1,"f:28:15:28:Infinity":0,"s:33:17:36:Infinity":2,"b:39:2:43:Infinity:41:2:43:Infinity":0,"s:39:2:43:Infinity":3,"s:40:4:40:Infinity":4,"b:41:2:43:Infinity:undefined:undefined:undefined:undefined":1,"s:41:2:43:Infinity":5,"s:42:4:42:Infinity":6,"s:46:2:46:Infinity":7,"f:101:16:101:Infinity":1,"b:102:33:102:Infinity":2,"s:104:68:104:Infinity":8,"b:104:19:104:26":3,"b:104:34:104:49":4,"b:104:59:104:64":5,"s:106:8:106:Infinity":9,"s:117:2:132:Infinity":10,"f:119:13:119:20":2,"s:120:6:120:Infinity":11,"f:123:22:123:23":3,"b:124:6:126:Infinity:undefined:undefined:undefined:undefined":6,"s:124:6:126:Infinity":12,"s:125:8:125:Infinity":13,"s:127:6:127:Infinity":14,"s:135:20:135:Infinity":15,"b:135:20:135:64:135:64:135:Infinity":7,"f:135:40:135:41":4,"s:135:50:135:59":16,"s:138:19:138:Infinity":17,"s:139:16:139:Infinity":18,"b:139:16:139:47:139:47:139:Infinity":8,"s:140:22:140:Infinity":19,"s:143:8:147:Infinity":20,"f:143:38:143:44":5,"b:144:4:146:Infinity:undefined:undefined:undefined:undefined":9,"s:144:4:146:Infinity":21,"b:144:8:144:23:144:23:144:44":10,"s:145:6:145:Infinity":22,"s:150:2:172:Infinity":23,"f:150:12:150:18":6,"s:151:20:151:Infinity":24,"b:152:4:152:Infinity:undefined:undefined:undefined:undefined":11,"s:152:4:152:Infinity":25,"s:152:18:152:Infinity":26,"s:154:21:165:Infinity":27,"f:155:6:155:7":7,"s:156:22:156:Infinity":28,"b:157:8:159:Infinity:undefined:undefined:undefined:undefined":12,"s:157:8:159:Infinity":29,"s:158:10:158:Infinity":30,"s:167:4:167:Infinity":31,"s:169:4:171:Infinity":32,"f:169:11:169:17":8,"s:170:6:170:Infinity":33,"s:175:8:177:Infinity":34,"f:175:28:175:34":9,"s:176:4:176:Infinity":35,"s:179:2:191:Infinity":36,"b:186:17:186:32:186:32:186:Infinity":13,"f:188:19:188:25":10,"s:188:25:188:Infinity":37}}}
}
