{"/Users/omarcontreras/PycharmProjects/chronovista/frontend/src/config/search.ts": {"path":"/Users/omarcontreras/PycharmProjects/chronovista/frontend/src/config/search.ts","statementMap":{"0":{"start":{"line":2,"column":29},"end":{"line":40,"column":null}}},"fnMap":{},"branchMap":{},"s":{"0":1},"f":{},"b":{},"meta":{"lastBranch":0,"lastFunction":0,"lastStatement":1,"seen":{"s:2:29:40:Infinity":0}}}
,"/Users/omarcontreras/PycharmProjects/chronovista/frontend/src/hooks/useSearchDescriptions.ts": {"path":"/Users/omarcontreras/PycharmProjects/chronovista/frontend/src/hooks/useSearchDescriptions.ts","statementMap":{"0":{"start":{"line":87,"column":51},"end":{"line":102,"column":null}},"1":{"start":{"line":90,"column":21},"end":{"line":93,"column":null}},"2":{"start":{"line":94,"column":6},"end":{"line":97,"column":null}},"3":{"start":{"line":104,"column":2},"end":{"line":111,"column":null}},"4":{"start":{"line":110,"column":19},"end":{"line":110,"column":null}}},"fnMap":{"0":{"name":"useSearchDescriptions","decl":{"start":{"line":83,"column":16},"end":{"line":83,"column":38}},"loc":{"start":{"line":86,"column":62},"end":{"line":112,"column":null}},"line":86},"1":{"name":"(anonymous_1)","decl":{"start":{"line":89,"column":13},"end":{"line":89,"column":20}},"loc":{"start":{"line":89,"column":35},"end":{"line":98,"column":null}},"line":89},"2":{"name":"(anonymous_2)","decl":{"start":{"line":110,"column":13},"end":{"line":110,"column":19}},"loc":{"start":{"line":110,"column":19},"end":{"line":110,"column":null}},"line":110}},"branchMap":{"0":{"loc":{"start":{"line":85,"column":2},"end":{"line":85,"column":null}},"type":"default-arg","locations":[{"start":{"line":85,"column":12},"end":{"line":85,"column":null}}],"line":85},"1":{"loc":{"start":{"line":99,"column":13},"end":{"line":99,"column":null}},"type":"binary-expr","locations":[{"start":{"line":99,"column":13},"end":{"line":99,"column":24}},{"start":{"line":99,"column":24},"end":{"line":99,"column":null}}],"line":99},"2":{"loc":{"start":{"line":105,"column":10},"end":{"line":105,"column":null}},"type":"binary-expr","locations":[{"start":{"line":105,"column":10},"end":{"line":105,"column":24}},{"start":{"line":105,"column":24},"end":{"line":105,"column":null}}],"line":105},"3":{"loc":{"start":{"line":106,"column":16},"end":{"line":106,"column":null}},"type":"binary-expr","locations":[{"start":{"line":106,"column":16},"end":{"line":106,"column":37}},{"start":{"line":106,"column":37},"end":{"line":106,"column":null}}],"line":106}},"s":{"0":26,"1":15,"2":15,"3":26,"4":2},"f":{"0":26,"1":15,"2":2},"b":{"0":[26],"1":[26,25],"2":[26,16],"3":[26,16]},"meta":{"lastBranch":4,"lastFunction":3,"lastStatement":5,"seen":{"f:83:16:83:38":0,"b:85:12:85:Infinity":0,"s:87:51:102:Infinity":0,"f:89:13:89:20":1,"s:90:21:93:Infinity":1,"s:94:6:97:Infinity":2,"b:99:13:99:24:99:24:99:Infinity":1,"s:104:2:111:Infinity":3,"b:105:10:105:24:105:24:105:Infinity":2,"b:106:16:106:37:106:37:106:Infinity":3,"f:110:13:110:19":2,"s:110:19:110:Infinity":4}}}
}
